{
  "RSpec": {
    "coverage": {
      "/home/saasbook/Project/ER-Core-Staff-Scheduler/er-core-staff-scheduler/app/controllers/application_controller.rb": [
        1,
        1,
        null,
        1,
        null,
        1,
        2,
        null,
        null
      ],
      "/home/saasbook/Project/ER-Core-Staff-Scheduler/er-core-staff-scheduler/app/helpers/application_helper.rb": [
        1,
        null
      ],
      "/home/saasbook/Project/ER-Core-Staff-Scheduler/er-core-staff-scheduler/app/helpers/home_helper.rb": [
        1,
        null
      ],
      "/home/saasbook/Project/ER-Core-Staff-Scheduler/er-core-staff-scheduler/app/controllers/home_controller.rb": [
        1,
        1,
        0,
        0,
        null,
        null,
        null
      ],
      "/home/saasbook/Project/ER-Core-Staff-Scheduler/er-core-staff-scheduler/app/controllers/sessions_controller.rb": [
        1,
        1,
        0,
        0,
        null,
        0,
        0,
        0,
        null,
        0,
        null,
        0,
        null,
        null,
        null,
        1,
        6,
        6,
        0,
        0,
        0,
        null,
        6,
        6,
        null,
        null,
        null,
        1,
        2,
        2,
        2,
        null,
        null
      ],
      "/home/saasbook/Project/ER-Core-Staff-Scheduler/er-core-staff-scheduler/app/controllers/shift_controller.rb": [
        1,
        1,
        null,
        null,
        null,
        1,
        null,
        null,
        null,
        1,
        null,
        null,
        null,
        1,
        null,
        null,
        null
      ],
      "/home/saasbook/Project/ER-Core-Staff-Scheduler/er-core-staff-scheduler/app/models/shift.rb": [
        1,
        1,
        null
      ],
      "/home/saasbook/Project/ER-Core-Staff-Scheduler/er-core-staff-scheduler/app/controllers/shifts_controller.rb": [
        1,
        null,
        1,
        0,
        0,
        null,
        0,
        null,
        null,
        1,
        0,
        0,
        null,
        null,
        null
      ],
      "/home/saasbook/Project/ER-Core-Staff-Scheduler/er-core-staff-scheduler/app/controllers/users_controller.rb": [
        1,
        1,
        1,
        null,
        null,
        1,
        5,
        5,
        2,
        null,
        3,
        null,
        null,
        null
      ],
      "/home/saasbook/Project/ER-Core-Staff-Scheduler/er-core-staff-scheduler/app/models/user.rb": [
        1,
        1,
        null,
        1,
        1,
        null,
        1,
        1,
        1,
        null,
        1,
        6,
        6,
        0,
        null,
        null,
        null,
        null,
        null,
        1,
        11,
        null,
        null,
        1,
        4,
        null,
        null
      ]
    },
    "timestamp": 1426202639
  }
}
