{
  "RSpec": {
    "coverage": {
      "/home/saasbook/Project/ER-Core-Staff-Scheduler/app/controllers/application_controller.rb": [
        1,
        1,
        null,
        1,
        1,
        1,
        null,
        1,
        38,
        38,
        null,
        null,
        1,
        35,
        15,
        15,
        1,
        null,
        null,
        null,
        null,
        1,
        16,
        2,
        null,
        null,
        null
      ],
      "/home/saasbook/Project/ER-Core-Staff-Scheduler/app/helpers/application_helper.rb": [
        1,
        null
      ],
      "/home/saasbook/Project/ER-Core-Staff-Scheduler/app/helpers/availabilities_helper.rb": [
        1,
        1,
        1,
        null,
        null
      ],
      "/home/saasbook/Project/ER-Core-Staff-Scheduler/app/helpers/fte_multiplier_helper.rb": [
        1,
        null
      ],
      "/home/saasbook/Project/ER-Core-Staff-Scheduler/app/helpers/home_helper.rb": [
        1,
        null
      ],
      "/home/saasbook/Project/ER-Core-Staff-Scheduler/app/helpers/password_resets_helper.rb": [
        1,
        null
      ],
      "/home/saasbook/Project/ER-Core-Staff-Scheduler/app/helpers/settings_helper.rb": [
        1,
        null
      ],
      "/home/saasbook/Project/ER-Core-Staff-Scheduler/app/helpers/shift_helper.rb": [
        1,
        1,
        1,
        1,
        1,
        1,
        1,
        1,
        1,
        1,
        1,
        1,
        1,
        1,
        null,
        null,
        1,
        2,
        2,
        2,
        2,
        2,
        null,
        2,
        2,
        16,
        16,
        null,
        0,
        null,
        null,
        2,
        null,
        null,
        1,
        16,
        16,
        16,
        16,
        16,
        16,
        null,
        null,
        null,
        1,
        172,
        172,
        null,
        0,
        null,
        null,
        null,
        1,
        6,
        6,
        6,
        6,
        6,
        6,
        6,
        42,
        42,
        42,
        null,
        null,
        42,
        null,
        6,
        null,
        null,
        1,
        42,
        42,
        42,
        null,
        null,
        1,
        42,
        42,
        42,
        42,
        42,
        42,
        42,
        42,
        null,
        null,
        1,
        6,
        6,
        6,
        6,
        6,
        null,
        null,
        1,
        6,
        6,
        6,
        6,
        6,
        null,
        null
      ],
      "/home/saasbook/Project/ER-Core-Staff-Scheduler/app/helpers/verification_helper.rb": [
        1,
        null
      ],
      "/home/saasbook/Project/ER-Core-Staff-Scheduler/app/controllers/availabilities_controller.rb": [
        1,
        1,
        1,
        4,
        4,
        4,
        4,
        4,
        4,
        0,
        null,
        4,
        4,
        null,
        null,
        1,
        1,
        1,
        1,
        1,
        null,
        null,
        1,
        1,
        1,
        0,
        null,
        1,
        1,
        1,
        null,
        1,
        1,
        0,
        null,
        null,
        null,
        null,
        1,
        1,
        0,
        1,
        0,
        1,
        0,
        null,
        null,
        null,
        1,
        0,
        null,
        null,
        1,
        1,
        1,
        1,
        1,
        1,
        0,
        0,
        null,
        1,
        1,
        1,
        null,
        0,
        null,
        null,
        null
      ],
      "/home/saasbook/Project/ER-Core-Staff-Scheduler/app/models/availability.rb": [
        1,
        1,
        1,
        1,
        null
      ],
      "/home/saasbook/Project/ER-Core-Staff-Scheduler/app/controllers/calendar.rb": [
        1,
        1,
        1,
        1,
        1,
        null,
        null,
        1,
        null,
        1,
        1,
        1,
        null,
        1,
        0,
        0,
        0,
        null,
        null,
        null,
        null,
        null,
        null,
        1,
        2,
        2,
        2,
        null,
        null,
        null,
        2,
        null,
        null,
        null,
        null,
        null,
        null,
        1,
        2,
        2,
        null,
        null,
        null,
        2,
        null,
        null,
        null,
        null,
        null,
        1,
        1,
        3,
        3,
        null,
        null,
        null,
        null,
        null,
        null,
        null,
        null,
        null,
        null,
        null,
        null,
        null,
        null,
        null,
        3,
        null,
        null,
        1,
        5,
        null,
        5,
        null,
        null,
        null,
        5,
        null,
        5,
        null,
        null,
        null,
        null,
        null,
        null,
        5,
        5,
        0,
        null,
        5,
        null,
        null,
        1,
        null,
        null,
        5,
        4,
        4,
        null,
        null,
        1,
        1,
        1,
        null,
        null,
        null,
        null,
        1,
        5,
        null,
        null,
        1,
        4,
        null,
        null,
        null,
        null
      ],
      "/home/saasbook/Project/ER-Core-Staff-Scheduler/app/controllers/fte_multiplier_controller.rb": [
        1,
        1,
        1,
        1,
        1,
        1,
        null,
        null,
        null,
        null
      ],
      "/home/saasbook/Project/ER-Core-Staff-Scheduler/app/controllers/home_controller.rb": [
        1,
        1,
        null,
        1,
        null,
        null,
        null,
        null,
        null,
        null,
        null,
        null,
        null,
        null,
        null
      ],
      "/home/saasbook/Project/ER-Core-Staff-Scheduler/app/controllers/password_resets_controller.rb": [
        1,
        1,
        1,
        2,
        2,
        1,
        1,
        null,
        1,
        null,
        null,
        null,
        1,
        1,
        null,
        null,
        1,
        2,
        2,
        1,
        1,
        1,
        null,
        0,
        null,
        null,
        null
      ],
      "/home/saasbook/Project/ER-Core-Staff-Scheduler/app/controllers/sessions_controller.rb": [
        1,
        1,
        1,
        1,
        1,
        null,
        null,
        null,
        1,
        6,
        6,
        5,
        5,
        null,
        1,
        0,
        null,
        1,
        null,
        1,
        1,
        null,
        null,
        1,
        1,
        1,
        1,
        null,
        null
      ],
      "/home/saasbook/Project/ER-Core-Staff-Scheduler/app/controllers/settings_controller.rb": [
        1,
        1,
        1,
        1,
        null,
        null,
        1,
        0,
        null,
        null,
        1,
        0,
        0,
        0,
        0,
        null,
        0,
        0,
        0,
        null,
        0,
        0,
        0,
        null,
        null,
        null,
        1,
        0,
        null,
        null
      ],
      "/home/saasbook/Project/ER-Core-Staff-Scheduler/app/controllers/shifts_controller.rb": [
        1,
        1,
        1,
        1,
        1,
        1,
        1,
        1,
        1,
        1,
        1,
        0,
        null,
        1,
        1,
        null,
        null,
        1,
        null,
        null,
        1,
        1,
        null,
        null,
        1,
        1,
        null,
        null,
        1,
        1,
        1,
        1,
        1,
        1,
        1,
        1,
        null,
        null,
        1,
        1,
        1,
        1,
        1,
        1,
        1,
        1,
        1,
        1,
        1,
        null,
        null,
        1,
        1,
        1,
        1,
        1,
        1,
        1,
        1,
        null,
        null,
        1,
        1,
        1,
        1,
        1,
        1,
        null,
        null
      ],
      "/home/saasbook/Project/ER-Core-Staff-Scheduler/app/models/shift.rb": [
        1,
        1,
        1,
        1,
        1,
        null,
        1,
        null,
        103,
        103,
        null,
        null,
        null
      ],
      "/home/saasbook/Project/ER-Core-Staff-Scheduler/app/controllers/users_controller.rb": [
        1,
        1,
        1,
        1,
        null,
        null,
        1,
        5,
        5,
        2,
        2,
        null,
        3,
        null,
        null,
        null
      ],
      "/home/saasbook/Project/ER-Core-Staff-Scheduler/app/models/user.rb": [
        1,
        1,
        1,
        1,
        null,
        1,
        39,
        1,
        null,
        1,
        1,
        1,
        1,
        1,
        null,
        1,
        7,
        7,
        2,
        null,
        null,
        null,
        null,
        null,
        1,
        46,
        null,
        null,
        1,
        5,
        null,
        null,
        1,
        2,
        2,
        2,
        2,
        null,
        null,
        1,
        null,
        40,
        40,
        null,
        null,
        1,
        1,
        null,
        null
      ],
      "/home/saasbook/Project/ER-Core-Staff-Scheduler/app/controllers/verification_controller.rb": [
        1,
        1,
        1,
        null,
        1,
        1,
        0,
        null,
        1,
        1,
        1,
        null,
        null,
        null,
        null,
        1,
        1,
        1,
        null,
        null,
        1,
        1,
        1,
        1,
        null,
        null,
        null
      ],
      "/home/saasbook/Project/ER-Core-Staff-Scheduler/app/mailers/user_mailer.rb": [
        1,
        1,
        null,
        null,
        null,
        null,
        null,
        null,
        1,
        3,
        3,
        null,
        null,
        1,
        2,
        2,
        null,
        null,
        1,
        1,
        1,
        null,
        null
      ],
      "/home/saasbook/Project/ER-Core-Staff-Scheduler/app/models/flag.rb": [
        1,
        1,
        null
      ]
    },
    "timestamp": 1430447483
  }
}
